54 error Error: Command failed: git commit -F /private/var/folders/cd/kgz93p9s25s7jl3drfmxnzrc0000gn/T/b146c394-783f-497c-af1d-4754d3c8f97b/lerna-commit.txt
54 error husky > pre-commit (node v14.11.0)
54 error ⚠ Some of your tasks use `git add` command. Please remove it from the config since all modifications made by tasks will be automatically added to the git commit index.
54 error
54 error [STARTED] Preparing...
54 error [SUCCESS] Preparing...
54 error [STARTED] Running tasks...
54 error [STARTED] Running tasks for *.{js,jsx,json,yml,yaml,ts,tsx,md,mdx}
54 error [STARTED] prettier --write
54 error [SUCCESS] prettier --write
54 error [STARTED] git add
54 error [SUCCESS] git add
54 error [SUCCESS] Running tasks for *.{js,jsx,json,yml,yaml,ts,tsx,md,mdx}
54 error [SUCCESS] Running tasks...
54 error [STARTED] Applying modifications...
54 error [SUCCESS] Applying modifications...
54 error [STARTED] Cleaning up...
54 error [SUCCESS] Cleaning up...
54 error husky > commit-msg (node v14.11.0)
54 error ⧗   input: chore(release): releasing packages
54 error
54 error  - @tpham0/apple@5.3.0
54 error  - @tpham0/orange@1.8.1
54 error ✖   scope must be one of [apple, orange] [scope-enum]
54 error
54 error ✖   found 1 problems, 0 warnings
54 error ⓘ   Get help: https://github.com/conventional-changelog/commitlint/#what-is-commitlint
54 error
54 error husky > commit-msg hook failed (add --no-verify to bypass)
54 error error Command failed with exit code 1.
54 error
54 error     at makeError (/Users/zlatan/Projects/monorepo-semantic-release-demo/node_modules/@lerna/child-process/node_modules/execa/index.js:174:9)
54 error     at /Users/zlatan/Projects/monorepo-semantic-release-demo/node_modules/@lerna/child-process/node_modules/execa/index.js:278:16
54 error     at processTicksAndRejections (internal/process/task_queues.js:93:5)
